Exporter version: 6.2.3, Blender version: 2.80 (sub 75)
========= Conversion from Blender to Babylon.js =========
	Scene settings used :
		inline textures     :  false
		Material Type       :  PBR
		Positions Precision :  4
		Normals Precision   :  3
		UVs Precision       :  3
		Vert Color Precision:  3
		Mat Weight Precision:  2
		texture directory   :  C:\Users\KC\Desktop\babylon\card\
	Python World class constructor completed
	WARNING: No active camera has been assigned, or is not in a currently selected Blender layer
	processing begun of mesh:  cardBack
		processing begun of material:  Material.001
			processing texture cardback
				texture type:  diffuseTexture, mapped using: "backMap"
		num positions      :  152
		num normals        :  152
		num tangents       :  0
		num uvs            :  304
		num uvs2           :  0
		num colors         :  0
		num indices        :  180
		WARNING: # of 0 area faces found:  16
	processing begun of mesh:  cardFront
		processing begun of material:  Material.002
			processing texture cardfront
				texture type:  diffuseTexture, mapped using: "frontMap"
		num positions      :  8
		num normals        :  8
		num tangents       :  0
		num uvs            :  16
		num uvs2           :  0
		num colors         :  0
		num indices        :  18
========= Writing of JSON file started =========
	writing mesh:  cardBack
	writing mesh:  cardFront
========= Writing of JSON file completed =========
========= end of processing =========
elapsed time:  0 min, 0.1528 secs
